<?xml version='1.0' encoding='UTF-8'?>
<thunderhead>
  <transaction>
    <document>
      <templateName>NYL FJA Master Document</templateName>
      <templateID>159141617</templateID>
      <form/>
      <brochure/>
      <attachmentID/>
      <inclReturnEnvelope>false</inclReturnEnvelope>
      <defaultRecipientRole/>
      <recipient/>
      <ccRecipient/>
      <isSTP>true</isSTP>
      <xmlString/>
      <transactGUID/>
      <benefitCaseId/>
      <subjectArea>sender</subjectArea>
      <subjectArea>recipients</subjectArea>
      <subjectArea>fja</subjectArea>
      <recipientType/>
      <primaryRecipientindex/>
      <ccRecipientindex/>
      <isRCUtility>false</isRCUtility>
      <senderId>FJAStraightThrough</senderId>
      <corrDocType>FJAEnrollmentMaterial</corrDocType>
      <triggerName>FJA Report</triggerName>
    </document>
    <notificationData/>
    <sender>
      <general>
        <firstName>Roger</firstName>
        <middleName/>
        <lastName>Federrer</lastName>
        <prefix/>
        <prefixNew/>
        <designation>Ph.D</designation>
        <suffix>Sr</suffix>
        <jobTitle>Architect</jobTitle>
      </general>
      <contact>
        <address>
          <addressL1>&gt;4521 Village Springs Run</addressL1>
          <addressL2/>
          <addressL3/>
          <city>NewYork</city>
          <state>NY</state>
          <postalCode>50338</postalCode>
          <country>US</country>
          <countryCode>111</countryCode>
        </address>
        <email>
          <type>Unknown</type>
          <emailAddress>-</emailAddress>
        </email>
        <fax/>
        <phone>
          <type>Personal</type>
          <intCode>+11</intCode>
          <areaCode>00</areaCode>
          <phoneNumber>456789</phoneNumber>
          <extension>+11</extension>
        </phone>
      </contact>
      <claimOffice>
        <address>
          <addressL1>&gt;4521 Village Springs Run</addressL1>
          <addressL2/>
          <addressL3/>
          <city>NewYork</city>
          <state>NY</state>
          <postalCode>50338</postalCode>
          <country>US</country>
          <countryCode>111</countryCode>
        </address>
        <phone>
          <type>Personal</type>
          <intCode>+11</intCode>
          <areaCode>00</areaCode>
          <phoneNumber>456789</phoneNumber>
          <extension>+11</extension>
        </phone>
        <fax/>
      </claimOffice>
      <teamLeader/>
      <vocationalResc/>
      <underwritingCompany>
        <underwritingCompanyName>Life Insurance Company of North America</underwritingCompanyName>
      </underwritingCompany>
    </sender>
    <recipients>
      <primaryRecipient>
        <general>
          <firstName>Lamar</firstName>
          <middleName/>
          <lastName>Simmons</lastName>
          <prefix/>
          <prefixNew/>
          <designation>Ph.D</designation>
          <suffix>Jr</suffix>
          <jobTitle>Architect</jobTitle>
        </general>
        <ccAttachSelected>false</ccAttachSelected>
        <type>Primary</type>
        <companyName>PFL Test</companyName>
        <contact>
          <address>
            <addressL1>&gt;4521 Village Springs Run</addressL1>
            <addressL2/>
            <addressL3/>
            <city>Atlanta</city>
            <state>GA</state>
            <postalCode>30338</postalCode>
            <country>US</country>
            <countryCode>111</countryCode>
          </address>
          <email>
            <type>Unknown</type>
            <emailAddress/>
          </email>
          <fax/>
          <phone>
            <type>Personal</type>
            <intCode>+11</intCode>
            <areaCode>00</areaCode>
            <phoneNumber>123456</phoneNumber>
            <extension>91</extension>
          </phone>
        </contact>
        <channels>
          <localPrint>false</localPrint>
          <postal>false</postal>
          <email>true</email>
          <secureEmail>false</secureEmail>
          <fax>false</fax>
        </channels>
      </primaryRecipient>
      <ccRecipient/>
      <ccString/>
      <useSecureEmail>false</useSecureEmail>
      <skipArchive>false</skipArchive>
    </recipients>
    <fja>
      <metadata>
        <documentClass>FJAEnrollmentMaterial</documentClass>
        <opportunityId>102</opportunityId>
        <packageId>1619</packageId>
        <fjaRequestId/>
        <userId>FJAStraightThrough</userId>
      </metadata>
      <assembledTransaction>
        <compositeTransaction>
          <fjaDocument>
            <templateName>Benefit Summary Report</templateName>
            <templateID>159124182</templateID>
          </fjaDocument>
          <summaryOfBenefits>
            <lineOfBusiness>
              <productCode>BTL</productCode>
              <caseProperty>
                <accountName>Hays Companies</accountName>
              </caseProperty>
              <plan>
                <situsState>Colorado</situsState>
                <product>Basic Term Life</product>
                <creationDate>16122022</creationDate>
                <policyNumber>BTL3983943</policyNumber>
                <documentGenerationDate>20122022</documentGenerationDate>
                <eligibleClass>
                  <locationName>New Jersey</locationName>
                  <className>Eligible Class 1</className>
                  <classDescription>EC 1</classDescription>
                  <eligibilityWaitingPeriod>1st of Month on or After X days</eligibilityWaitingPeriod>
                  <eligibilityWaitingPeriodDays>1</eligibilityWaitingPeriodDays>
                  <eligibilityWaitingPeriodMonths/>
                  <eligibilityWaitingPeriodOther/>
                  <matchLifeBenefit/>
                  <planDesign>
                    <planDesignId>4962</planDesignId>
                    <portabilityEligibility>N/A</portabilityEligibility>
                    <portabilityDuration/>
                    <portabilityDurationAge/>
                    <portabilityDurationYears/>
                    <ConversionNumberOfDaysToApply>31</ConversionNumberOfDaysToApply>
                    <dependentCoverage>Family</dependentCoverage>
                    <dependentEligibility>Family</dependentEligibility>
                    <domesticPartnerEligible>false</domesticPartnerEligible>
                    <extendedDeathBenefit/>
                    <extendedDeathBenefitMaximumDuration/>
                    <extendedDeathBenefitDisabledBeforeAge/>
                    <waiverOfPremiumDuration/>
                    <waiverOfPremiumDurationAge/>
                    <waiverOfPremiumDisabledBeforeAge/>
                    <waiverOfPremiumWaitingPeriod/>
                    <waiverOfPremium>false</waiverOfPremium>
                    <continuationOfDisabilityDuration/>
                    <continuationOfDisabilityDurationMonths/>
                    <continuationOfDisabilityStartingAge/>
                    <continuationOfDisability>false</continuationOfDisability>
                    <addTypes/>
                    <coverage>
                      <benefitType>
                        <coverage>EE</coverage>
                        <coverageType>EE</coverageType>
                        <splitContributionType/>
                        <dependentChildEligibleWithoutEE/>
                        <lifeCoverageEndsAtAge/>
                        <childBenfitBirthTo14Days/>
                        <childBenfit14DaysTo6Month/>
                        <coverageEndAtAgeForFullTimeStudent/>
                        <coverageEndAtAgeForNotFullTimeStudent/>
                        <benefitType>Flat</benefitType>
                        <flatBenAmount>89</flatBenAmount>
                        <flatBenefitAmount>
                          <flatBenefitAmount1/>
                          <flatBenefitAmount2/>
                          <flatBenefitAmount3/>
                          <flatBenefitAmount4/>
                          <flatBenefitAmount5/>
                          <flatBenefitAmount6/>
                          <flatBenefitAmount7/>
                          <flatBenefitAmount8/>
                          <flatBenefitAmount9/>
                          <flatBenefitAmount10/>
                        </flatBenefitAmount>
                        <childFlatBenefitAmount>
                          <flatBenefitAmount1/>
                          <flatBenefitAmount2/>
                          <flatBenefitAmount3/>
                          <flatBenefitAmount4/>
                          <flatBenefitAmount5/>
                          <flatBenefitAmount6/>
                          <flatBenefitAmount7/>
                          <flatBenefitAmount8/>
                          <flatBenefitAmount9/>
                          <flatBenefitAmount10/>
                        </childFlatBenefitAmount>
                        <spouseFlatBenefitAmount>
                          <flatBenefitAmount1/>
                          <flatBenefitAmount2/>
                          <flatBenefitAmount3/>
                          <flatBenefitAmount4/>
                          <flatBenefitAmount5/>
                          <flatBenefitAmount6/>
                          <flatBenefitAmount7/>
                          <flatBenefitAmount8/>
                          <flatBenefitAmount9/>
                          <flatBenefitAmount10/>
                        </spouseFlatBenefitAmount>
                        <unitsOf/>
                        <salaryMultiple>
                          <salaryMultiple1/>
                          <salaryMultiple2/>
                          <salaryMultiple3/>
                          <salaryMultiple4/>
                          <salaryMultiple5/>
                          <salaryMultiple6/>
                          <salaryMultiple7/>
                          <salaryMultiple8/>
                          <salaryMultiple9/>
                          <salaryMultiple10/>
                        </salaryMultiple>
                        <earningType/>
                        <benefitMinimum/>
                        <benefitMaximum/>
                        <guarateedIssueAmount>97</guarateedIssueAmount>
                        <guarateedIssueTimesSalary/>
                        <typeOfAnnualEnrollmentIncrease/>
                        <unitsIncrease/>
                        <percentageOfBenefit/>
                        <percentageBasis/>
                        <combinedTimesSalary/>
                        <combinedBenefitMaximum/>
                        <benefitLevelIncrease/>
                        <benefitMaxTimesSalaryMultiple/>
                        <typeOfAnnualEnrollmentIncrease/>
                        <voluntaryGICombinedWithBasicGI/>
                        <voluntaryMaximumCombinedWithBasicMaximum/>
                        <coverageEndsAtAge/>
                        <benefitReductionSchedule>55 % @ Age 60,65 % @ Age 70,75 % @ Age 80,35 % @ Age 60</benefitReductionSchedule>
                        <reductionsBasis/>
                        <spouseReductionAgeBasis/>
                        <acceleratedDeathBenefit>Terminal Illness Flat $</acceleratedDeathBenefit>
                        <acceleratedDeathBenefitMaximum/>
                        <upToPercentage/>
                        <flatDollarAmount>78</flatDollarAmount>
                        <adAndDRider>false</adAndDRider>
                        <comaBenefitPercentage/>
                        <exposureAndDisapperance/>
                        <seatbelt/>
                        <seatbeltBenefitPercentage/>
                        <seatbeltBenefitMaximum/>
                        <seatbeltFlatAmount/>
                        <commonCarrier/>
                        <commonCarrierMaximum/>
                        <commonCarrierFlatAmount/>
                        <commonCarrierBenefitPercentage/>
                        <commonDualAccident/>
                        <commonDualAccidentBenefitPercentage/>
                        <commonDualAccidentBenefitMaximum/>
                        <commonDualAccidentFlat/>
                        <feloniousAssault/>
                        <feloniousAssaultFlatAmount/>
                        <feloniousAssaultBenefitPercentage/>
                        <feloniousAssaultBenefitMaximum/>
                        <childAccidentalInjuryFlat/>
                        <childDayCareBenefitPercentage/>
                        <childDayCareFlat/>
                        <childDayCareChildAge/>
                        <childDayCareBenefitMaximum/>
                        <childDayCareChildYears/>
                        <rehabilitationBenefitPercentage/>
                        <rehabilitationFlat/>
                        <rehabilitationBenefitMaximum/>
                        <spouseEligibleWithoutEEEnrollment/>
                        <spouseRetrainingBenefitPercentage/>
                        <spouseRetrainingFlat/>
                        <spouseRetrainingBenefitMaximum/>
                        <survivingSpouseBenefitPercentage/>
                        <survivingSpouseFlat/>
                        <survivingSpouseBenefitMaximum/>
                        <survivingSpouseMonths/>
                        <airbagBenefitMaximum/>
                        <airbagBenefitPercentage/>
                        <airbagFlat/>
                        <enhancedOption1Percentage/>
                        <enhancedOption2Percentage/>
                        <enhancedOption1BenefitMaximum/>
                        <enhancedOption2BenefitMaximum/>
                        <traditionalOptionWithChildrenPercentage/>
                        <traditionalOptionWithNoChildPercentage/>
                        <traditionalOptionWithSpousePercentage/>
                        <traditionalOptionWithNoSpousePercentage/>
                        <traditionalOptionChildBenefitMaximum/>
                        <traditionalOptionSpouseBenefitMaximum/>
                        <sebSpouseAdditionalBenefitPercentage/>
                        <sebChildAdditionalBenefitPercentage/>
                        <sebChildAdditionalBenefitMax/>
                        <sebSpouseAdditionalBenefitMax/>
                        <sebSpouseNumberOfYears/>
                        <sebChildNumberOfYears/>
                        <sebNoQualifyingSpouseDollars/>
                        <sebNoQualifyingChildDollars/>
                        <sebChildUnderAge/>
                        <addRiderEntry/>
                        <rounding>
                          <roundingRule/>
                          <roundingAmount/>
                          <roundingRuleAppliesTo/>
                        </rounding>
                      </benefitType>
                      <benefitType>
                        <coverage>FAM</coverage>
                        <coverageType>FAM</coverageType>
                        <splitContributionType/>
                        <dependentChildEligibleWithoutEE>false</dependentChildEligibleWithoutEE>
                        <lifeCoverageEndsAtAge/>
                        <childBenfitBirthTo14Days/>
                        <childBenfit14DaysTo6Month/>
                        <coverageEndAtAgeForFullTimeStudent/>
                        <coverageEndAtAgeForNotFullTimeStudent/>
                        <benefitType>Flat</benefitType>
                        <flatBenAmount/>
                        <flatBenefitAmount>
                          <flatBenefitAmount1/>
                          <flatBenefitAmount2/>
                          <flatBenefitAmount3/>
                          <flatBenefitAmount4/>
                          <flatBenefitAmount5/>
                          <flatBenefitAmount6/>
                          <flatBenefitAmount7/>
                          <flatBenefitAmount8/>
                          <flatBenefitAmount9/>
                          <flatBenefitAmount10/>
                        </flatBenefitAmount>
                        <childFlatBenefitAmount>
                          <flatBenefitAmount1/>
                          <flatBenefitAmount2/>
                          <flatBenefitAmount3/>
                          <flatBenefitAmount4/>
                          <flatBenefitAmount5/>
                          <flatBenefitAmount6/>
                          <flatBenefitAmount7/>
                          <flatBenefitAmount8/>
                          <flatBenefitAmount9/>
                          <flatBenefitAmount10/>
                        </childFlatBenefitAmount>
                        <spouseFlatBenefitAmount>
                          <flatBenefitAmount1/>
                          <flatBenefitAmount2/>
                          <flatBenefitAmount3/>
                          <flatBenefitAmount4/>
                          <flatBenefitAmount5/>
                          <flatBenefitAmount6/>
                          <flatBenefitAmount7/>
                          <flatBenefitAmount8/>
                          <flatBenefitAmount9/>
                          <flatBenefitAmount10/>
                        </spouseFlatBenefitAmount>
                        <unitsOf/>
                        <salaryMultiple>
                          <salaryMultiple1/>
                          <salaryMultiple2/>
                          <salaryMultiple3/>
                          <salaryMultiple4/>
                          <salaryMultiple5/>
                          <salaryMultiple6/>
                          <salaryMultiple7/>
                          <salaryMultiple8/>
                          <salaryMultiple9/>
                          <salaryMultiple10/>
                        </salaryMultiple>
                        <earningType/>
                        <benefitMinimum/>
                        <benefitMaximum/>
                        <guarateedIssueAmount/>
                        <guarateedIssueTimesSalary/>
                        <typeOfAnnualEnrollmentIncrease/>
                        <unitsIncrease/>
                        <percentageOfBenefit/>
                        <percentageBasis/>
                        <combinedTimesSalary/>
                        <combinedBenefitMaximum/>
                        <benefitLevelIncrease/>
                        <benefitMaxTimesSalaryMultiple/>
                        <typeOfAnnualEnrollmentIncrease/>
                        <voluntaryGICombinedWithBasicGI/>
                        <voluntaryMaximumCombinedWithBasicMaximum/>
                        <coverageEndsAtAge/>
                        <benefitReductionSchedule/>
                        <reductionsBasis/>
                        <spouseReductionAgeBasis>Employee Age</spouseReductionAgeBasis>
                        <acceleratedDeathBenefit>Terminal Illness Flat $</acceleratedDeathBenefit>
                        <acceleratedDeathBenefitMaximum/>
                        <upToPercentage/>
                        <flatDollarAmount>54</flatDollarAmount>
                        <adAndDRider/>
                        <comaBenefitPercentage/>
                        <exposureAndDisapperance/>
                        <seatbelt/>
                        <seatbeltBenefitPercentage/>
                        <seatbeltBenefitMaximum/>
                        <seatbeltFlatAmount/>
                        <commonCarrier/>
                        <commonCarrierMaximum/>
                        <commonCarrierFlatAmount/>
                        <commonCarrierBenefitPercentage/>
                        <commonDualAccident/>
                        <commonDualAccidentBenefitPercentage/>
                        <commonDualAccidentBenefitMaximum/>
                        <commonDualAccidentFlat/>
                        <feloniousAssault/>
                        <feloniousAssaultFlatAmount/>
                        <feloniousAssaultBenefitPercentage/>
                        <feloniousAssaultBenefitMaximum/>
                        <childAccidentalInjuryFlat/>
                        <childDayCareBenefitPercentage/>
                        <childDayCareFlat/>
                        <childDayCareChildAge/>
                        <childDayCareBenefitMaximum/>
                        <childDayCareChildYears/>
                        <rehabilitationBenefitPercentage/>
                        <rehabilitationFlat/>
                        <rehabilitationBenefitMaximum/>
                        <spouseEligibleWithoutEEEnrollment>true</spouseEligibleWithoutEEEnrollment>
                        <spouseRetrainingBenefitPercentage/>
                        <spouseRetrainingFlat/>
                        <spouseRetrainingBenefitMaximum/>
                        <survivingSpouseBenefitPercentage/>
                        <survivingSpouseFlat/>
                        <survivingSpouseBenefitMaximum/>
                        <survivingSpouseMonths/>
                        <airbagBenefitMaximum/>
                        <airbagBenefitPercentage/>
                        <airbagFlat/>
                        <enhancedOption1Percentage/>
                        <enhancedOption2Percentage/>
                        <enhancedOption1BenefitMaximum/>
                        <enhancedOption2BenefitMaximum/>
                        <traditionalOptionWithChildrenPercentage/>
                        <traditionalOptionWithNoChildPercentage/>
                        <traditionalOptionWithSpousePercentage/>
                        <traditionalOptionWithNoSpousePercentage/>
                        <traditionalOptionChildBenefitMaximum/>
                        <traditionalOptionSpouseBenefitMaximum/>
                        <sebSpouseAdditionalBenefitPercentage/>
                        <sebChildAdditionalBenefitPercentage/>
                        <sebChildAdditionalBenefitMax/>
                        <sebSpouseAdditionalBenefitMax/>
                        <sebSpouseNumberOfYears/>
                        <sebChildNumberOfYears/>
                        <sebNoQualifyingSpouseDollars/>
                        <sebNoQualifyingChildDollars/>
                        <sebChildUnderAge/>
                        <addRiderEntry/>
                        <rounding>
                          <roundingRule/>
                          <roundingAmount/>
                          <roundingRuleAppliesTo/>
                        </rounding>
                      </benefitType>
                    </coverage>
                  </planDesign>
                </eligibleClass>
                <rateStructureGroupPlan>
                  <selectedPlanDesignsForRateStructureGroupPlan>[4962]</selectedPlanDesignsForRateStructureGroupPlan>
                  <selectedRateStructureGroupPlanName>Rate Structure 1</selectedRateStructureGroupPlanName>
                  <employee>
                    <contributionType>None</contributionType>
                    <contributionTypePercentage/>
                    <contributionTypeFlatAmount/>
                    <rate/>
                    <rateBasis/>
                    <genderApplies/>
                    <ageBandApplies/>
                    <smokerStatusApplies/>
                    <payrollFrequency>Monthly</payrollFrequency>
                    <isOtherpayrollFrequency/>
                    <rateStructureEntry/>
                  </employee>
                  <spouse>
                    <contributionType>None</contributionType>
                    <contributionTypePercentage/>
                    <contributionTypeFlatAmount/>
                    <rate/>
                    <rateBasis/>
                    <genderApplies/>
                    <ageBandApplies/>
                    <smokerStatusApplies/>
                    <payrollFrequency/>
                    <isOtherpayrollFrequency/>
                    <rateStructureEntry/>
                  </spouse>
                  <child/>
                  <family/>
                  <eech/>
                  <eesp/>
                </rateStructureGroupPlan>
              </plan>
              <copyRights/>
            </lineOfBusiness>
          </summaryOfBenefits>
        </compositeTransaction>
      </assembledTransaction>
    </fja>
  </transaction>
</thunderhead>